c:\users\nishi\onedrive\デスクトップ\code\drone3d\drone3d\x64\debug\vc143.pdb
c:\users\nishi\onedrive\デスクトップ\code\drone3d\drone3d\x64\debug\vc143.idb
c:\users\nishi\onedrive\デスクトップ\code\drone3d\drone3d\x64\debug\glfwwrap.obj
c:\users\nishi\onedrive\デスクトップ\code\drone3d\drone3d\x64\debug\vector3.obj
c:\users\nishi\onedrive\デスクトップ\code\drone3d\drone3d\x64\debug\maindrone.obj
c:\users\nishi\onedrive\デスクトップ\code\drone3d\drone3d\x64\debug\renderer3d.obj
c:\users\nishi\onedrive\デスクトップ\code\drone3d\drone3d\x64\debug\main.obj
c:\users\nishi\onedrive\デスクトップ\code\drone3d\drone3d\x64\debug\camera.obj
c:\users\nishi\onedrive\デスクトップ\code\drone3d\drone3d\x64\debug\glad.obj
c:\users\nishi\onedrive\デスクトップ\code\drone3d\x64\debug\drone3d.exe
c:\users\nishi\onedrive\デスクトップ\code\drone3d\x64\debug\drone3d.pdb
c:\users\nishi\onedrive\デスクトップ\code\drone3d\drone3d\x64\debug\drone3d.ilk
c:\users\nishi\onedrive\デスクトップ\code\drone3d\drone3d\x64\debug\drone3d.tlog\cl.command.1.tlog
c:\users\nishi\onedrive\デスクトップ\code\drone3d\drone3d\x64\debug\drone3d.tlog\cl.items.tlog
c:\users\nishi\onedrive\デスクトップ\code\drone3d\drone3d\x64\debug\drone3d.tlog\cl.read.1.tlog
c:\users\nishi\onedrive\デスクトップ\code\drone3d\drone3d\x64\debug\drone3d.tlog\cl.write.1.tlog
c:\users\nishi\onedrive\デスクトップ\code\drone3d\drone3d\x64\debug\drone3d.tlog\link.command.1.tlog
c:\users\nishi\onedrive\デスクトップ\code\drone3d\drone3d\x64\debug\drone3d.tlog\link.read.1.tlog
c:\users\nishi\onedrive\デスクトップ\code\drone3d\drone3d\x64\debug\drone3d.tlog\link.secondary.1.tlog
c:\users\nishi\onedrive\デスクトップ\code\drone3d\drone3d\x64\debug\drone3d.tlog\link.write.1.tlog
